vi., 18 de sep. de 2020 23:28:05: 
 tests: 1 ok, 7 failed
54a359b
 tests: 1 ok, 7 failed
67d5be9
 tests: 1 ok, 7 failed
0d6fdc2
bash: C:\Users\Dell\Documents\Labs\treemap\test.sh: line 29: syntax error near unexpected token `&'
bash: C:\Users\Dell\Documents\Labs\treemap\test.sh: line 29: `echo "$(date): " &>&2'
 tests: 1 ok, 7 failed
9c04c86
vi., 18 de sep. de 2020 23:30:38: 
 tests: 1 ok, 7 failed
4e56f71
[H[2J[3J Que funcionalidad desea testear?
1. Create
2. Insert
3. Search
4. Erase
5. First
6. Next
7. UpperBound
Seleccione una opcion [1 - 7]vi., 18 de sep. de 2020 23:31:26: 
 tests: 1 ok, 7 failed
4f48dfa
1. Create
2. Insert
3. Search
4. Erase
5. First
6. Next
7. UpperBound
Seleccione una opcion [1 - 7]vi., 18 de sep. de 2020 23:32:03: 
 tests: 1 ok, 7 failed
fb5878e
1. Create
2. Insert
3. Search
4. Erase
5. First
6. Next
7. UpperBound
Seleccione una opcion [1 - 7]vi., 18 de sep. de 2020 23:33:56: 
 tests: 1 ok, 7 failed
b934740
 Que funcionalidad desea testear?
1. Create
2. Insert
3. Search
4. Erase
5. First
6. Next
7. UpperBound
Seleccione una opcion [1 - 7]bash: C:\Users\Dell\Documents\Labs\treemap\test.sh: line 46: syntax error: unexpected end of file
vi., 18 de sep. de 2020 23:35:08: 
 tests: 1 ok, 7 failed
